[debug] [2024-04-02T19:28:19.814Z] ----------------------------------------------------------------------
[debug] [2024-04-02T19:28:19.815Z] Command:       /opt/homebrew/Cellar/node/21.6.2/bin/node /opt/homebrew/bin/firebase init
[debug] [2024-04-02T19:28:19.816Z] CLI Version:   13.6.0
[debug] [2024-04-02T19:28:19.816Z] Platform:      darwin
[debug] [2024-04-02T19:28:19.816Z] Node Version:  v21.6.2
[debug] [2024-04-02T19:28:19.816Z] Time:          Wed Apr 03 2024 00:58:19 GMT+0530 (India Standard Time)
[debug] [2024-04-02T19:28:19.816Z] ----------------------------------------------------------------------
[debug] 
[debug] [2024-04-02T19:28:19.820Z] > command requires scopes: ["email","openid","https://www.googleapis.com/auth/cloudplatformprojects.readonly","https://www.googleapis.com/auth/firebase","https://www.googleapis.com/auth/cloud-platform"]
[debug] [2024-04-02T19:28:19.820Z] > authorizing via signed-in user (aryanthakor823@gmail.com)
[info] 
     ######## #### ########  ######## ########     ###     ######  ########
     ##        ##  ##     ## ##       ##     ##  ##   ##  ##       ##
     ######    ##  ########  ######   ########  #########  ######  ######
     ##        ##  ##    ##  ##       ##     ## ##     ##       ## ##
     ##       #### ##     ## ######## ########  ##     ##  ######  ########

You're about to initialize a Firebase project in this directory:

  /Users/aryanthakore/Documents/GitHub/cashsnap_1

[info] 
=== Project Setup
[info] 
[info] First, let's associate this project directory with a Firebase project.
[info] You can create multiple project aliases by running firebase use --add, 
[info] but for now we'll just set up a default project.
[info] 
[debug] [2024-04-02T19:29:53.209Z] >>> [apiv2][query] GET https://firebase.googleapis.com/v1beta1/projects pageSize=100
[debug] [2024-04-02T19:29:54.003Z] <<< [apiv2][status] GET https://firebase.googleapis.com/v1beta1/projects 200
[debug] [2024-04-02T19:29:54.004Z] <<< [apiv2][body] GET https://firebase.googleapis.com/v1beta1/projects [omitted]
[info] i  Using project cashsnap-febb2 (cashsnap) 
[info] 
=== Hosting Setup
[debug] [2024-04-02T19:30:06.811Z] >>> [apiv2][query] GET https://firebase.googleapis.com/v1beta1/projects/cashsnap-febb2 [none]
[debug] [2024-04-02T19:30:07.533Z] <<< [apiv2][status] GET https://firebase.googleapis.com/v1beta1/projects/cashsnap-febb2 200
[debug] [2024-04-02T19:30:07.534Z] <<< [apiv2][body] GET https://firebase.googleapis.com/v1beta1/projects/cashsnap-febb2 {"projectId":"cashsnap-febb2","projectNumber":"782649028835","displayName":"cashsnap","name":"projects/cashsnap-febb2","resources":{"hostingSite":"cashsnap-febb2"},"state":"ACTIVE","etag":"1_47e6bb04-1fb3-4f71-a66b-9f3101fc1a4e"}
[info] 
[info] Your public directory is the folder (relative to your project directory) that
[info] will contain Hosting assets to be uploaded with firebase deploy. If you
[info] have a build process for your assets, use your build's output directory.
[info] 
[info] ✔  Wrote public/404.html 
[debug] [2024-04-02T19:33:12.226Z] >>> [apiv2][query] GET https://www.gstatic.com/firebasejs/releases.json [none]
[debug] [2024-04-02T19:33:12.505Z] <<< [apiv2][status] GET https://www.gstatic.com/firebasejs/releases.json 200
[debug] [2024-04-02T19:33:12.506Z] <<< [apiv2][body] GET https://www.gstatic.com/firebasejs/releases.json {"current":{"version":"10.10.0","browserURL":"https://www.gstatic.com/firebasejs/10.10.0/firebase.js","packageURL":"https://www.gstatic.com/firebasejs/10.10.0/firebase.tgz"},"live":{"version":"10.10","browserURL":"https://www.gstatic.com/firebasejs/live/10.10/firebase.js","packageURL":"https://www.gstatic.com/firebasejs/live/10.10/firebase.tgz"},"components":{"analytics":"https://www.gstatic.com/firebasejs/10.10.0/firebase-analytics.js","app":"https://www.gstatic.com/firebasejs/10.10.0/firebase-app.js","app-check":"https://www.gstatic.com/firebasejs/10.10.0/firebase-app-check.js","auth":"https://www.gstatic.com/firebasejs/10.10.0/firebase-auth.js","auth/cordova":"https://www.gstatic.com/firebasejs/10.10.0/firebase-auth/cordova.js","auth/web-extension":"https://www.gstatic.com/firebasejs/10.10.0/firebase-auth/web-extension.js","functions":"https://www.gstatic.com/firebasejs/10.10.0/firebase-functions.js","firestore":"https://www.gstatic.com/firebasejs/10.10.0/firebase-firestore.js","firestore/lite":"https://www.gstatic.com/firebasejs/10.10.0/firebase-firestore/lite.js","installations":"https://www.gstatic.com/firebasejs/10.10.0/firebase-installations.js","storage":"https://www.gstatic.com/firebasejs/10.10.0/firebase-storage.js","performance":"https://www.gstatic.com/firebasejs/10.10.0/firebase-performance.js","remote-config":"https://www.gstatic.com/firebasejs/10.10.0/firebase-remote-config.js","messaging":"https://www.gstatic.com/firebasejs/10.10.0/firebase-messaging.js","messaging/sw":"https://www.gstatic.com/firebasejs/10.10.0/firebase-messaging/sw.js","database":"https://www.gstatic.com/firebasejs/10.10.0/firebase-database.js","firestore.memory":"https://www.gstatic.com/firebasejs/10.10.0/firebase-firestore.memory.js"}}
[info] i  Skipping write of public/index.html 
[info] 
[info] i  Writing configuration info to firebase.json... 
[info] i  Writing project information to .firebaserc... 
[info] i  Writing gitignore file to .gitignore... 
[info] 
[info] ✔  Firebase initialization complete! 
